app/build/intermediates/manifest_merge_blame_file/debug/processDebugMainManifest/manifest-merger-blame-debug-report.txt
1<?xml version="1.0" encoding="utf-8"?>
2<manifest xmlns:android="http://schemas.android.com/apk/res/android"
3    package="com.example.babysitterfinder"
4    android:versionCode="1"
5    android:versionName="1.0" >
6
7    <uses-sdk
8        android:minSdkVersion="24"
9        android:targetSdkVersion="34" />
10
11    <uses-feature
11-->src\main\AndroidManifest.xml:4:5-6:36
12        android:name="android.hardware.telephony"
12-->src\main\AndroidManifest.xml:5:9-50
13        android:required="false" />
13-->src\main\AndroidManifest.xml:6:9-33
14
15    <uses-permission android:name="android.permission.INTERNET" />
15-->src\main\AndroidManifest.xml:8:5-67
15-->src\main\AndroidManifest.xml:8:22-64
16    <uses-permission android:name="android.permission.ACCESS_NETWORK_STATE" />
16-->src\main\AndroidManifest.xml:9:5-79
16-->src\main\AndroidManifest.xml:9:22-76
17    <uses-permission android:name="android.permission.READ_EXTERNAL_STORAGE" />
17-->src\main\AndroidManifest.xml:10:5-80
17-->src\main\AndroidManifest.xml:10:22-77
18    <uses-permission android:name="android.permission.WRITE_EXTERNAL_STORAGE" />
18-->src\main\AndroidManifest.xml:11:5-81
18-->src\main\AndroidManifest.xml:11:22-78
19    <uses-permission android:name="android.permission.ACCESS_FINE_LOCATION" />
19-->src\main\AndroidManifest.xml:12:5-79
19-->src\main\AndroidManifest.xml:12:22-76
20    <uses-permission android:name="android.permission.ACCESS_COARSE_LOCATION" />
20-->src\main\AndroidManifest.xml:13:5-81
20-->src\main\AndroidManifest.xml:13:22-78
21    <uses-permission android:name="android.permission.CALL_PHONE" />
21-->src\main\AndroidManifest.xml:14:5-69
21-->src\main\AndroidManifest.xml:14:22-66
22    <uses-permission android:name="android.permission.POST_NOTIFICATIONS" />
22-->src\main\AndroidManifest.xml:15:5-77
22-->src\main\AndroidManifest.xml:15:22-74
23    <uses-permission android:name="android.permission.ACCESS_WIFI_STATE" />
23-->[com.google.android.libraries.places:places:3.3.0] AndroidManifest.xml:11:5-76
23-->[com.google.android.libraries.places:places:3.3.0] AndroidManifest.xml:11:22-73
24
25    <uses-feature
25-->[com.google.android.gms:play-services-maps:18.2.0] AndroidManifest.xml:26:5-28:35
26        android:glEsVersion="0x00020000"
26-->[com.google.android.gms:play-services-maps:18.2.0] AndroidManifest.xml:27:9-41
27        android:required="true" />
27-->[com.google.android.gms:play-services-maps:18.2.0] AndroidManifest.xml:28:9-32
28
29    <queries>
29-->[com.google.android.gms:play-services-maps:18.2.0] AndroidManifest.xml:30:5-34:15
30
31        <!-- Needs to be explicitly declared on Android R+ -->
32        <package android:name="com.google.android.apps.maps" />
32-->[com.google.android.gms:play-services-maps:18.2.0] AndroidManifest.xml:33:9-64
32-->[com.google.android.gms:play-services-maps:18.2.0] AndroidManifest.xml:33:18-61
33    </queries>
34
35    <uses-permission android:name="com.google.android.providers.gsf.permission.READ_GSERVICES" />
35-->[com.google.android.recaptcha:recaptcha:18.5.1] AndroidManifest.xml:9:5-98
35-->[com.google.android.recaptcha:recaptcha:18.5.1] AndroidManifest.xml:9:22-95
36
37    <permission
37-->[androidx.core:core:1.15.0] AndroidManifest.xml:22:5-24:47
38        android:name="com.example.babysitterfinder.DYNAMIC_RECEIVER_NOT_EXPORTED_PERMISSION"
38-->[androidx.core:core:1.15.0] AndroidManifest.xml:23:9-81
39        android:protectionLevel="signature" />
39-->[androidx.core:core:1.15.0] AndroidManifest.xml:24:9-44
40
41    <uses-permission android:name="com.example.babysitterfinder.DYNAMIC_RECEIVER_NOT_EXPORTED_PERMISSION" />
41-->[androidx.core:core:1.15.0] AndroidManifest.xml:26:5-97
41-->[androidx.core:core:1.15.0] AndroidManifest.xml:26:22-94
42
43    <application
43-->src\main\AndroidManifest.xml:18:5-49:19
44        android:name="com.example.babysitterfinder.BabysitterFinderApp"
44-->src\main\AndroidManifest.xml:19:9-44
45        android:allowBackup="true"
45-->src\main\AndroidManifest.xml:20:9-35
46        android:appComponentFactory="androidx.core.app.CoreComponentFactory"
46-->[androidx.core:core:1.15.0] AndroidManifest.xml:28:18-86
47        android:debuggable="true"
48        android:extractNativeLibs="false"
49        android:hardwareAccelerated="false"
49-->src\main\AndroidManifest.xml:21:9-44
50        android:icon="@drawable/ic_logo"
50-->src\main\AndroidManifest.xml:22:9-41
51        android:label="Babysitter Finder"
51-->src\main\AndroidManifest.xml:23:9-42
52        android:largeHeap="true"
52-->src\main\AndroidManifest.xml:24:9-33
53        android:roundIcon="@mipmap/ic_launcher_round"
53-->src\main\AndroidManifest.xml:25:9-54
54        android:supportsRtl="true"
54-->src\main\AndroidManifest.xml:26:9-35
55        android:testOnly="true"
56        android:theme="@style/Theme.BabysitterFinder" >
56-->src\main\AndroidManifest.xml:27:9-54
57
58        <!-- <service android:name=".services.NotificationService" /> -->
59
60        <activity
60-->src\main\AndroidManifest.xml:31:9-38:20
61            android:name="com.example.babysitterfinder.activities.LoginActivity"
61-->src\main\AndroidManifest.xml:32:13-53
62            android:exported="true" >
62-->src\main\AndroidManifest.xml:33:13-36
63            <intent-filter>
63-->src\main\AndroidManifest.xml:34:13-37:29
64                <action android:name="android.intent.action.MAIN" />
64-->src\main\AndroidManifest.xml:35:17-69
64-->src\main\AndroidManifest.xml:35:25-66
65
66                <category android:name="android.intent.category.LAUNCHER" />
66-->src\main\AndroidManifest.xml:36:17-77
66-->src\main\AndroidManifest.xml:36:27-74
67            </intent-filter>
68        </activity>
69        <activity android:name="com.example.babysitterfinder.activities.RegistrationActivity" />
69-->src\main\AndroidManifest.xml:39:9-69
69-->src\main\AndroidManifest.xml:39:19-66
70        <activity android:name="com.example.babysitterfinder.activities.BabysitterCreationActivity" />
70-->src\main\AndroidManifest.xml:40:9-75
70-->src\main\AndroidManifest.xml:40:19-72
71        <activity android:name="com.example.babysitterfinder.activities.FamilyCreationActivity" />
71-->src\main\AndroidManifest.xml:41:9-71
71-->src\main\AndroidManifest.xml:41:19-68
72        <activity android:name="com.example.babysitterfinder.activities.HomeFamilyActivity" />
72-->src\main\AndroidManifest.xml:42:9-67
72-->src\main\AndroidManifest.xml:42:19-64
73        <activity android:name="com.example.babysitterfinder.activities.HomeBabysitterActivity" />
73-->src\main\AndroidManifest.xml:43:9-71
73-->src\main\AndroidManifest.xml:43:19-68
74        <activity android:name="com.example.babysitterfinder.activities.BabysitterViewActivity" />
74-->src\main\AndroidManifest.xml:44:9-71
74-->src\main\AndroidManifest.xml:44:19-68
75        <activity android:name="com.example.babysitterfinder.activities.FamilyViewActivity" />
75-->src\main\AndroidManifest.xml:45:9-67
75-->src\main\AndroidManifest.xml:45:19-64
76        <activity android:name="com.example.babysitterfinder.activities.OwnFamilyProfile" />
76-->src\main\AndroidManifest.xml:46:9-65
76-->src\main\AndroidManifest.xml:46:19-62
77        <activity android:name="com.example.babysitterfinder.activities.OwnBabysitterProfile" />
77-->src\main\AndroidManifest.xml:47:9-69
77-->src\main\AndroidManifest.xml:47:19-66
78        <activity
78-->[com.google.android.libraries.places:places:3.3.0] AndroidManifest.xml:15:9-21:20
79            android:name="com.google.android.libraries.places.widget.AutocompleteActivity"
79-->[com.google.android.libraries.places:places:3.3.0] AndroidManifest.xml:16:13-91
80            android:exported="false"
80-->[com.google.android.libraries.places:places:3.3.0] AndroidManifest.xml:17:13-37
81            android:label="@string/places_autocomplete_label"
81-->[com.google.android.libraries.places:places:3.3.0] AndroidManifest.xml:18:13-62
82            android:theme="@style/PlacesAutocompleteOverlay"
82-->[com.google.android.libraries.places:places:3.3.0] AndroidManifest.xml:19:13-61
83            android:windowSoftInputMode="adjustResize" >
83-->[com.google.android.libraries.places:places:3.3.0] AndroidManifest.xml:20:13-55
84        </activity>
85
86        <service
86-->[com.google.firebase:firebase-firestore:25.1.1] AndroidManifest.xml:14:9-23:19
87            android:name="com.google.firebase.components.ComponentDiscoveryService"
87-->[com.google.firebase:firebase-firestore:25.1.1] AndroidManifest.xml:15:13-84
88            android:directBootAware="true"
88-->[com.google.firebase:firebase-common:21.0.0] AndroidManifest.xml:32:13-43
89            android:exported="false" >
89-->[com.google.firebase:firebase-firestore:25.1.1] AndroidManifest.xml:16:13-37
90            <meta-data
90-->[com.google.firebase:firebase-firestore:25.1.1] AndroidManifest.xml:17:13-19:85
91                android:name="com.google.firebase.components:com.google.firebase.firestore.FirebaseFirestoreKtxRegistrar"
91-->[com.google.firebase:firebase-firestore:25.1.1] AndroidManifest.xml:18:17-122
92                android:value="com.google.firebase.components.ComponentRegistrar" />
92-->[com.google.firebase:firebase-firestore:25.1.1] AndroidManifest.xml:19:17-82
93            <meta-data
93-->[com.google.firebase:firebase-firestore:25.1.1] AndroidManifest.xml:20:13-22:85
94                android:name="com.google.firebase.components:com.google.firebase.firestore.FirestoreRegistrar"
94-->[com.google.firebase:firebase-firestore:25.1.1] AndroidManifest.xml:21:17-111
95                android:value="com.google.firebase.components.ComponentRegistrar" />
95-->[com.google.firebase:firebase-firestore:25.1.1] AndroidManifest.xml:22:17-82
96            <meta-data
96-->[com.google.firebase:firebase-storage:21.0.1] AndroidManifest.xml:30:13-32:85
97                android:name="com.google.firebase.components:com.google.firebase.storage.FirebaseStorageKtxRegistrar"
97-->[com.google.firebase:firebase-storage:21.0.1] AndroidManifest.xml:31:17-118
98                android:value="com.google.firebase.components.ComponentRegistrar" />
98-->[com.google.firebase:firebase-storage:21.0.1] AndroidManifest.xml:32:17-82
99            <meta-data
99-->[com.google.firebase:firebase-storage:21.0.1] AndroidManifest.xml:33:13-35:85
100                android:name="com.google.firebase.components:com.google.firebase.storage.StorageRegistrar"
100-->[com.google.firebase:firebase-storage:21.0.1] AndroidManifest.xml:34:17-107
101                android:value="com.google.firebase.components.ComponentRegistrar" />
101-->[com.google.firebase:firebase-storage:21.0.1] AndroidManifest.xml:35:17-82
102            <meta-data
102-->[com.google.firebase:firebase-auth:23.1.0] AndroidManifest.xml:69:13-71:85
103                android:name="com.google.firebase.components:com.google.firebase.auth.FirebaseAuthRegistrar"
103-->[com.google.firebase:firebase-auth:23.1.0] AndroidManifest.xml:70:17-109
104                android:value="com.google.firebase.components.ComponentRegistrar" />
104-->[com.google.firebase:firebase-auth:23.1.0] AndroidManifest.xml:71:17-82
105            <meta-data
105-->[com.google.firebase:firebase-appcheck:17.1.0] AndroidManifest.xml:25:13-27:85
106                android:name="com.google.firebase.components:com.google.firebase.appcheck.FirebaseAppCheckKtxRegistrar"
106-->[com.google.firebase:firebase-appcheck:17.1.0] AndroidManifest.xml:26:17-120
107                android:value="com.google.firebase.components.ComponentRegistrar" />
107-->[com.google.firebase:firebase-appcheck:17.1.0] AndroidManifest.xml:27:17-82
108            <meta-data
108-->[com.google.firebase:firebase-appcheck:17.1.0] AndroidManifest.xml:28:13-30:85
109                android:name="com.google.firebase.components:com.google.firebase.appcheck.FirebaseAppCheckRegistrar"
109-->[com.google.firebase:firebase-appcheck:17.1.0] AndroidManifest.xml:29:17-117
110                android:value="com.google.firebase.components.ComponentRegistrar" />
110-->[com.google.firebase:firebase-appcheck:17.1.0] AndroidManifest.xml:30:17-82
111            <meta-data
111-->[com.google.firebase:firebase-inappmessaging:21.0.1] AndroidManifest.xml:14:13-16:85
112                android:name="com.google.firebase.components:com.google.firebase.inappmessaging.FirebaseInAppMessagingKtxRegistrar"
112-->[com.google.firebase:firebase-inappmessaging:21.0.1] AndroidManifest.xml:15:17-132
113                android:value="com.google.firebase.components.ComponentRegistrar" />
113-->[com.google.firebase:firebase-inappmessaging:21.0.1] AndroidManifest.xml:16:17-82
114            <meta-data
114-->[com.google.firebase:firebase-inappmessaging:21.0.1] AndroidManifest.xml:17:13-19:85
115                android:name="com.google.firebase.components:com.google.firebase.inappmessaging.FirebaseInAppMessagingRegistrar"
115-->[com.google.firebase:firebase-inappmessaging:21.0.1] AndroidManifest.xml:18:17-129
116                android:value="com.google.firebase.components.ComponentRegistrar" />
116-->[com.google.firebase:firebase-inappmessaging:21.0.1] AndroidManifest.xml:19:17-82
117            <meta-data
117-->[com.google.firebase:firebase-installations:17.2.0] AndroidManifest.xml:15:13-17:85
118                android:name="com.google.firebase.components:com.google.firebase.installations.FirebaseInstallationsKtxRegistrar"
118-->[com.google.firebase:firebase-installations:17.2.0] AndroidManifest.xml:16:17-130
119                android:value="com.google.firebase.components.ComponentRegistrar" />
119-->[com.google.firebase:firebase-installations:17.2.0] AndroidManifest.xml:17:17-82
120            <meta-data
120-->[com.google.firebase:firebase-installations:17.2.0] AndroidManifest.xml:18:13-20:85
121                android:name="com.google.firebase.components:com.google.firebase.installations.FirebaseInstallationsRegistrar"
121-->[com.google.firebase:firebase-installations:17.2.0] AndroidManifest.xml:19:17-127
122                android:value="com.google.firebase.components.ComponentRegistrar" />
122-->[com.google.firebase:firebase-installations:17.2.0] AndroidManifest.xml:20:17-82
123            <meta-data
123-->[com.google.firebase:firebase-common-ktx:21.0.0] AndroidManifest.xml:12:13-14:85
124                android:name="com.google.firebase.components:com.google.firebase.ktx.FirebaseCommonLegacyRegistrar"
124-->[com.google.firebase:firebase-common-ktx:21.0.0] AndroidManifest.xml:13:17-116
125                android:value="com.google.firebase.components.ComponentRegistrar" />
125-->[com.google.firebase:firebase-common-ktx:21.0.0] AndroidManifest.xml:14:17-82
126            <meta-data
126-->[com.google.firebase:firebase-common:21.0.0] AndroidManifest.xml:35:13-37:85
127                android:name="com.google.firebase.components:com.google.firebase.FirebaseCommonKtxRegistrar"
127-->[com.google.firebase:firebase-common:21.0.0] AndroidManifest.xml:36:17-109
128                android:value="com.google.firebase.components.ComponentRegistrar" />
128-->[com.google.firebase:firebase-common:21.0.0] AndroidManifest.xml:37:17-82
129            <meta-data
129-->[com.google.firebase:firebase-abt:21.1.1] AndroidManifest.xml:12:13-14:85
130                android:name="com.google.firebase.components:com.google.firebase.abt.component.AbtRegistrar"
130-->[com.google.firebase:firebase-abt:21.1.1] AndroidManifest.xml:13:17-109
131                android:value="com.google.firebase.components.ComponentRegistrar" />
131-->[com.google.firebase:firebase-abt:21.1.1] AndroidManifest.xml:14:17-82
132            <meta-data
132-->[com.google.firebase:firebase-datatransport:18.2.0] AndroidManifest.xml:25:13-27:85
133                android:name="com.google.firebase.components:com.google.firebase.datatransport.TransportRegistrar"
133-->[com.google.firebase:firebase-datatransport:18.2.0] AndroidManifest.xml:26:17-115
134                android:value="com.google.firebase.components.ComponentRegistrar" />
134-->[com.google.firebase:firebase-datatransport:18.2.0] AndroidManifest.xml:27:17-82
135        </service> <!-- Needs to be explicitly declared on P+ -->
136        <uses-library
136-->[com.google.android.gms:play-services-maps:18.2.0] AndroidManifest.xml:39:9-41:40
137            android:name="org.apache.http.legacy"
137-->[com.google.android.gms:play-services-maps:18.2.0] AndroidManifest.xml:40:13-50
138            android:required="false" />
138-->[com.google.android.gms:play-services-maps:18.2.0] AndroidManifest.xml:41:13-37
139
140        <activity
140-->[com.google.firebase:firebase-auth:23.1.0] AndroidManifest.xml:29:9-46:20
141            android:name="com.google.firebase.auth.internal.GenericIdpActivity"
141-->[com.google.firebase:firebase-auth:23.1.0] AndroidManifest.xml:30:13-80
142            android:excludeFromRecents="true"
142-->[com.google.firebase:firebase-auth:23.1.0] AndroidManifest.xml:31:13-46
143            android:exported="true"
143-->[com.google.firebase:firebase-auth:23.1.0] AndroidManifest.xml:32:13-36
144            android:launchMode="singleTask"
144-->[com.google.firebase:firebase-auth:23.1.0] AndroidManifest.xml:33:13-44
145            android:theme="@android:style/Theme.Translucent.NoTitleBar" >
145-->[com.google.firebase:firebase-auth:23.1.0] AndroidManifest.xml:34:13-72
146            <intent-filter>
146-->[com.google.firebase:firebase-auth:23.1.0] AndroidManifest.xml:35:13-45:29
147                <action android:name="android.intent.action.VIEW" />
147-->[com.google.firebase:firebase-auth:23.1.0] AndroidManifest.xml:36:17-69
147-->[com.google.firebase:firebase-auth:23.1.0] AndroidManifest.xml:36:25-66
148
149                <category android:name="android.intent.category.DEFAULT" />
149-->[com.google.firebase:firebase-auth:23.1.0] AndroidManifest.xml:38:17-76
149-->[com.google.firebase:firebase-auth:23.1.0] AndroidManifest.xml:38:27-73
150                <category android:name="android.intent.category.BROWSABLE" />
150-->[com.google.firebase:firebase-auth:23.1.0] AndroidManifest.xml:39:17-78
150-->[com.google.firebase:firebase-auth:23.1.0] AndroidManifest.xml:39:27-75
151
152                <data
152-->[com.google.firebase:firebase-auth:23.1.0] AndroidManifest.xml:41:17-44:51
153                    android:host="firebase.auth"
153-->[com.google.firebase:firebase-auth:23.1.0] AndroidManifest.xml:42:21-49
154                    android:path="/"
154-->[com.google.firebase:firebase-auth:23.1.0] AndroidManifest.xml:43:21-37
155                    android:scheme="genericidp" />
155-->[com.google.firebase:firebase-auth:23.1.0] AndroidManifest.xml:44:21-48
156            </intent-filter>
157        </activity>
158        <activity
158-->[com.google.firebase:firebase-auth:23.1.0] AndroidManifest.xml:47:9-64:20
159            android:name="com.google.firebase.auth.internal.RecaptchaActivity"
159-->[com.google.firebase:firebase-auth:23.1.0] AndroidManifest.xml:48:13-79
160            android:excludeFromRecents="true"
160-->[com.google.firebase:firebase-auth:23.1.0] AndroidManifest.xml:49:13-46
161            android:exported="true"
161-->[com.google.firebase:firebase-auth:23.1.0] AndroidManifest.xml:50:13-36
162            android:launchMode="singleTask"
162-->[com.google.firebase:firebase-auth:23.1.0] AndroidManifest.xml:51:13-44
163            android:theme="@android:style/Theme.Translucent.NoTitleBar" >
163-->[com.google.firebase:firebase-auth:23.1.0] AndroidManifest.xml:52:13-72
164            <intent-filter>
164-->[com.google.firebase:firebase-auth:23.1.0] AndroidManifest.xml:53:13-63:29
165                <action android:name="android.intent.action.VIEW" />
165-->[com.google.firebase:firebase-auth:23.1.0] AndroidManifest.xml:36:17-69
165-->[com.google.firebase:firebase-auth:23.1.0] AndroidManifest.xml:36:25-66
166
167                <category android:name="android.intent.category.DEFAULT" />
167-->[com.google.firebase:firebase-auth:23.1.0] AndroidManifest.xml:38:17-76
167-->[com.google.firebase:firebase-auth:23.1.0] AndroidManifest.xml:38:27-73
168                <category android:name="android.intent.category.BROWSABLE" />
168-->[com.google.firebase:firebase-auth:23.1.0] AndroidManifest.xml:39:17-78
168-->[com.google.firebase:firebase-auth:23.1.0] AndroidManifest.xml:39:27-75
169
170                <data
170-->[com.google.firebase:firebase-auth:23.1.0] AndroidManifest.xml:41:17-44:51
171                    android:host="firebase.auth"
171-->[com.google.firebase:firebase-auth:23.1.0] AndroidManifest.xml:42:21-49
172                    android:path="/"
172-->[com.google.firebase:firebase-auth:23.1.0] AndroidManifest.xml:43:21-37
173                    android:scheme="recaptcha" />
173-->[com.google.firebase:firebase-auth:23.1.0] AndroidManifest.xml:44:21-48
174            </intent-filter>
175        </activity>
176
177        <service
177-->[androidx.credentials:credentials-play-services-auth:1.2.0-rc01] AndroidManifest.xml:24:9-32:19
178            android:name="androidx.credentials.playservices.CredentialProviderMetadataHolder"
178-->[androidx.credentials:credentials-play-services-auth:1.2.0-rc01] AndroidManifest.xml:25:13-94
179            android:enabled="true"
179-->[androidx.credentials:credentials-play-services-auth:1.2.0-rc01] AndroidManifest.xml:26:13-35
180            android:exported="false" >
180-->[androidx.credentials:credentials-play-services-auth:1.2.0-rc01] AndroidManifest.xml:27:13-37
181            <meta-data
181-->[androidx.credentials:credentials-play-services-auth:1.2.0-rc01] AndroidManifest.xml:29:13-31:104
182                android:name="androidx.credentials.CREDENTIAL_PROVIDER_KEY"
182-->[androidx.credentials:credentials-play-services-auth:1.2.0-rc01] AndroidManifest.xml:30:17-76
183                android:value="androidx.credentials.playservices.CredentialProviderPlayServicesImpl" />
183-->[androidx.credentials:credentials-play-services-auth:1.2.0-rc01] AndroidManifest.xml:31:17-101
184        </service>
185
186        <activity
186-->[androidx.credentials:credentials-play-services-auth:1.2.0-rc01] AndroidManifest.xml:34:9-41:20
187            android:name="androidx.credentials.playservices.HiddenActivity"
187-->[androidx.credentials:credentials-play-services-auth:1.2.0-rc01] AndroidManifest.xml:35:13-76
188            android:configChanges="orientation|screenSize|screenLayout|keyboardHidden"
188-->[androidx.credentials:credentials-play-services-auth:1.2.0-rc01] AndroidManifest.xml:36:13-87
189            android:enabled="true"
189-->[androidx.credentials:credentials-play-services-auth:1.2.0-rc01] AndroidManifest.xml:37:13-35
190            android:exported="false"
190-->[androidx.credentials:credentials-play-services-auth:1.2.0-rc01] AndroidManifest.xml:38:13-37
191            android:fitsSystemWindows="true"
191-->[androidx.credentials:credentials-play-services-auth:1.2.0-rc01] AndroidManifest.xml:39:13-45
192            android:theme="@style/Theme.Hidden" >
192-->[androidx.credentials:credentials-play-services-auth:1.2.0-rc01] AndroidManifest.xml:40:13-48
193        </activity>
194        <activity
194-->[com.google.android.gms:play-services-auth:20.7.0] AndroidManifest.xml:23:9-27:75
195            android:name="com.google.android.gms.auth.api.signin.internal.SignInHubActivity"
195-->[com.google.android.gms:play-services-auth:20.7.0] AndroidManifest.xml:24:13-93
196            android:excludeFromRecents="true"
196-->[com.google.android.gms:play-services-auth:20.7.0] AndroidManifest.xml:25:13-46
197            android:exported="false"
197-->[com.google.android.gms:play-services-auth:20.7.0] AndroidManifest.xml:26:13-37
198            android:theme="@android:style/Theme.Translucent.NoTitleBar" />
198-->[com.google.android.gms:play-services-auth:20.7.0] AndroidManifest.xml:27:13-72
199        <!--
200            Service handling Google Sign-In user revocation. For apps that do not integrate with
201            Google Sign-In, this service will never be started.
202        -->
203        <service
203-->[com.google.android.gms:play-services-auth:20.7.0] AndroidManifest.xml:33:9-37:51
204            android:name="com.google.android.gms.auth.api.signin.RevocationBoundService"
204-->[com.google.android.gms:play-services-auth:20.7.0] AndroidManifest.xml:34:13-89
205            android:exported="true"
205-->[com.google.android.gms:play-services-auth:20.7.0] AndroidManifest.xml:35:13-36
206            android:permission="com.google.android.gms.auth.api.signin.permission.REVOCATION_NOTIFICATION"
206-->[com.google.android.gms:play-services-auth:20.7.0] AndroidManifest.xml:36:13-107
207            android:visibleToInstantApps="true" />
207-->[com.google.android.gms:play-services-auth:20.7.0] AndroidManifest.xml:37:13-48
208
209        <activity
209-->[com.google.android.gms:play-services-base:18.2.0] AndroidManifest.xml:20:9-22:45
210            android:name="com.google.android.gms.common.api.GoogleApiActivity"
210-->[com.google.android.gms:play-services-base:18.2.0] AndroidManifest.xml:20:19-85
211            android:exported="false"
211-->[com.google.android.gms:play-services-base:18.2.0] AndroidManifest.xml:22:19-43
212            android:theme="@android:style/Theme.Translucent.NoTitleBar" />
212-->[com.google.android.gms:play-services-base:18.2.0] AndroidManifest.xml:21:19-78
213
214        <provider
214-->[com.google.firebase:firebase-common:21.0.0] AndroidManifest.xml:23:9-28:39
215            android:name="com.google.firebase.provider.FirebaseInitProvider"
215-->[com.google.firebase:firebase-common:21.0.0] AndroidManifest.xml:24:13-77
216            android:authorities="com.example.babysitterfinder.firebaseinitprovider"
216-->[com.google.firebase:firebase-common:21.0.0] AndroidManifest.xml:25:13-72
217            android:directBootAware="true"
217-->[com.google.firebase:firebase-common:21.0.0] AndroidManifest.xml:26:13-43
218            android:exported="false"
218-->[com.google.firebase:firebase-common:21.0.0] AndroidManifest.xml:27:13-37
219            android:initOrder="100" />
219-->[com.google.firebase:firebase-common:21.0.0] AndroidManifest.xml:28:13-36
220
221        <activity
221-->[androidx.compose.ui:ui-tooling-android:1.6.6] AndroidManifest.xml:23:9-25:39
222            android:name="androidx.compose.ui.tooling.PreviewActivity"
222-->[androidx.compose.ui:ui-tooling-android:1.6.6] AndroidManifest.xml:24:13-71
223            android:exported="true" />
223-->[androidx.compose.ui:ui-tooling-android:1.6.6] AndroidManifest.xml:25:13-36
224        <activity
224-->[androidx.compose.ui:ui-test-manifest:1.6.6] AndroidManifest.xml:23:9-25:39
225            android:name="androidx.activity.ComponentActivity"
225-->[androidx.compose.ui:ui-test-manifest:1.6.6] AndroidManifest.xml:24:13-63
226            android:exported="true" />
226-->[androidx.compose.ui:ui-test-manifest:1.6.6] AndroidManifest.xml:25:13-36
227
228        <provider
228-->[androidx.emoji2:emoji2:1.3.0] AndroidManifest.xml:24:9-32:20
229            android:name="androidx.startup.InitializationProvider"
229-->[androidx.emoji2:emoji2:1.3.0] AndroidManifest.xml:25:13-67
230            android:authorities="com.example.babysitterfinder.androidx-startup"
230-->[androidx.emoji2:emoji2:1.3.0] AndroidManifest.xml:26:13-68
231            android:exported="false" >
231-->[androidx.emoji2:emoji2:1.3.0] AndroidManifest.xml:27:13-37
232            <meta-data
232-->[androidx.emoji2:emoji2:1.3.0] AndroidManifest.xml:29:13-31:52
233                android:name="androidx.emoji2.text.EmojiCompatInitializer"
233-->[androidx.emoji2:emoji2:1.3.0] AndroidManifest.xml:30:17-75
234                android:value="androidx.startup" />
234-->[androidx.emoji2:emoji2:1.3.0] AndroidManifest.xml:31:17-49
235            <meta-data
235-->[androidx.lifecycle:lifecycle-process:2.8.7] AndroidManifest.xml:29:13-31:52
236                android:name="androidx.lifecycle.ProcessLifecycleInitializer"
236-->[androidx.lifecycle:lifecycle-process:2.8.7] AndroidManifest.xml:30:17-78
237                android:value="androidx.startup" />
237-->[androidx.lifecycle:lifecycle-process:2.8.7] AndroidManifest.xml:31:17-49
238            <meta-data
238-->[androidx.profileinstaller:profileinstaller:1.3.1] AndroidManifest.xml:29:13-31:52
239                android:name="androidx.profileinstaller.ProfileInstallerInitializer"
239-->[androidx.profileinstaller:profileinstaller:1.3.1] AndroidManifest.xml:30:17-85
240                android:value="androidx.startup" />
240-->[androidx.profileinstaller:profileinstaller:1.3.1] AndroidManifest.xml:31:17-49
241        </provider>
242
243        <meta-data
243-->[com.google.android.gms:play-services-basement:18.4.0] AndroidManifest.xml:6:9-122
244            android:name="com.google.android.gms.version"
244-->[com.google.android.gms:play-services-basement:18.4.0] AndroidManifest.xml:6:20-65
245            android:value="@integer/google_play_services_version" />
245-->[com.google.android.gms:play-services-basement:18.4.0] AndroidManifest.xml:6:66-119
246
247        <receiver
247-->[androidx.profileinstaller:profileinstaller:1.3.1] AndroidManifest.xml:34:9-52:20
248            android:name="androidx.profileinstaller.ProfileInstallReceiver"
248-->[androidx.profileinstaller:profileinstaller:1.3.1] AndroidManifest.xml:35:13-76
249            android:directBootAware="false"
249-->[androidx.profileinstaller:profileinstaller:1.3.1] AndroidManifest.xml:36:13-44
250            android:enabled="true"
250-->[androidx.profileinstaller:profileinstaller:1.3.1] AndroidManifest.xml:37:13-35
251            android:exported="true"
251-->[androidx.profileinstaller:profileinstaller:1.3.1] AndroidManifest.xml:38:13-36
252            android:permission="android.permission.DUMP" >
252-->[androidx.profileinstaller:profileinstaller:1.3.1] AndroidManifest.xml:39:13-57
253            <intent-filter>
253-->[androidx.profileinstaller:profileinstaller:1.3.1] AndroidManifest.xml:40:13-42:29
254                <action android:name="androidx.profileinstaller.action.INSTALL_PROFILE" />